#
# There is insufficient memory for the Java Runtime Environment to continue.
# Native memory allocation (mmap) failed to map 268435456 bytes for Failed to commit area from 0x00000000e0000000 to 0x00000000f0000000 of length 268435456.
# Possible reasons:
#   The system is out of physical RAM or swap space
#   The process is running with CompressedOops enabled, and the Java Heap may be blocking the growth of the native heap
# Possible solutions:
#   Reduce memory load on the system
#   Increase physical memory or swap space
#   Check if swap backing store is full
#   Decrease Java heap size (-Xmx/-Xms)
#   Decrease number of Java threads
#   Decrease Java thread stack sizes (-Xss)
#   Set larger code cache with -XX:ReservedCodeCacheSize=
# This output file may be truncated or incomplete.
#
#  Out of Memory Error (./open/src/hotspot/os/windows/os_windows.cpp:3273), pid=8540, tid=12424
#
# JRE version:  (11.0.12+8) (build )
# Java VM: Java HotSpot(TM) 64-Bit Server VM (11.0.12+8-LTS-237, mixed mode, sharing, tiered, compressed oops, g1 gc, windows-amd64)
# No core dump will be written. Minidumps are not enabled by default on client versions of Windows
#

---------------  S U M M A R Y ------------

Command Line: -Xms256m -Xmx512m -Dclassworlds.conf=C:\Program Files\apache-maven-3.6.3\bin\..\bin\m2.conf -Dmaven.home=C:\Program Files\apache-maven-3.6.3\bin\.. -Dlibrary.jansi.path=C:\Program Files\apache-maven-3.6.3\bin\..\lib\jansi-native -Dmaven.multiModuleProjectDirectory=D:\Programming\Automated Testing\RestAssured\Automation101ReastAssuredAPITests\Automation101APICucumber org.codehaus.plexus.classworlds.launcher.Launcher --version

Host: AMD Ryzen 5 2600 Six-Core Processor            , 12 cores, 7G,  Windows 10 , 64 bit Build 19041 (10.0.19041.1503)
Time: Fri Feb 11 19:01:15 2022 GMT Standard Time elapsed time: 0.019884 seconds (0d 0h 0m 0s)

---------------  T H R E A D  ---------------

Current thread (0x000001853b2ca800):  JavaThread "Unknown thread" [_thread_in_vm, id=12424, stack(0x0000007e7d300000,0x0000007e7d400000)]

Stack: [0x0000007e7d300000,0x0000007e7d400000]
Native frames: (J=compiled Java code, j=interpreted, Vv=VM code, C=native code)
V  [jvm.dll+0x617d9a]
V  [jvm.dll+0x74eeef]
V  [jvm.dll+0x750599]
V  [jvm.dll+0x750c23]
V  [jvm.dll+0x2438d8]
V  [jvm.dll+0x61518a]
V  [jvm.dll+0x609f45]
V  [jvm.dll+0x2f85cc]
V  [jvm.dll+0x2f8452]
V  [jvm.dll+0x2fd106]
V  [jvm.dll+0x33f6ef]
V  [jvm.dll+0x33f120]
V  [jvm.dll+0x2d5ca8]
V  [jvm.dll+0x2d6e06]
V  [jvm.dll+0x72a977]
V  [jvm.dll+0x72c21f]
V  [jvm.dll+0x34c469]
V  [jvm.dll+0x710400]
V  [jvm.dll+0x3b5baf]
V  [jvm.dll+0x3b7cb1]
C  [jli.dll+0x520b]
C  [ucrtbase.dll+0x21bb2]
C  [KERNEL32.DLL+0x17034]
C  [ntdll.dll+0x52651]


---------------  P R O C E S S  ---------------

Threads class SMR info:
_java_thread_list=0x00000185390c3400, length=0, elements={
}

Java Threads: ( => current thread )

Other Threads:
  0x000001853b2de800 GCTaskThread "GC Thread#0" [stack: 0x0000007e7d400000,0x0000007e7d500000] [id=5884]
  0x000001853b2f1800 ConcurrentGCThread "G1 Main Marker" [stack: 0x0000007e7d500000,0x0000007e7d600000] [id=8896]
  0x000001853b2f3000 ConcurrentGCThread "G1 Conc#0" [stack: 0x0000007e7d600000,0x0000007e7d700000] [id=12280]

[error occurred during error reporting (printing all threads), id 0xc0000005, EXCEPTION_ACCESS_VIOLATION (0xc0000005) at pc=0x00007ffd07da4f37]

VM state:not at safepoint (not fully initialized)

VM Mutex/Monitor currently owned by a thread:  ([mutex/lock_event])
[0x000001853b2c6090] Heap_lock - owner thread: 0x000001853b2ca800

Heap address: 0x00000000e0000000, size: 512 MB, Compressed Oops mode: Non-zero based: 0x00000000e0000000
Narrow klass base: 0x0000000000000000, Narrow klass shift: 0

GC Heap History (0 events):
No events

Deoptimization events (0 events):
No events

Classes redefined (0 events):
No events

Internal exceptions (0 events):
No events

Events (0 events):
No events


Dynamic libraries:
0x00007ff797450000 - 0x00007ff79745f000 	C:\Program Files\Java\jdk-11.0.12\bin\java.exe
0x00007ffd50470000 - 0x00007ffd50665000 	C:\WINDOWS\SYSTEM32\ntdll.dll
0x00007ffd4f2f0000 - 0x00007ffd4f3ae000 	C:\WINDOWS\System32\KERNEL32.DLL
0x00007ffd4dfe0000 - 0x00007ffd4e2a8000 	C:\WINDOWS\System32\KERNELBASE.dll
0x00007ffd4dc70000 - 0x00007ffd4dd70000 	C:\WINDOWS\System32\ucrtbase.dll
0x00007ffd49640000 - 0x00007ffd49655000 	C:\Program Files\Java\jdk-11.0.12\bin\VCRUNTIME140.dll
0x00007ffd49660000 - 0x00007ffd49678000 	C:\Program Files\Java\jdk-11.0.12\bin\jli.dll
0x00007ffd4ef60000 - 0x00007ffd4f00e000 	C:\WINDOWS\System32\ADVAPI32.dll
0x00007ffd4e580000 - 0x00007ffd4e61e000 	C:\WINDOWS\System32\msvcrt.dll
0x00007ffd4e620000 - 0x00007ffd4e6bc000 	C:\WINDOWS\System32\sechost.dll
0x00007ffd4f4d0000 - 0x00007ffd4f5f5000 	C:\WINDOWS\System32\RPCRT4.dll
0x00007ffd4faf0000 - 0x00007ffd4fc90000 	C:\WINDOWS\System32\USER32.dll
0x00007ffd3df10000 - 0x00007ffd3e1aa000 	C:\WINDOWS\WinSxS\amd64_microsoft.windows.common-controls_6595b64144ccf1df_6.0.19041.1110_none_60b5254171f9507e\COMCTL32.dll
0x00007ffd4db80000 - 0x00007ffd4dba2000 	C:\WINDOWS\System32\win32u.dll
0x00007ffd4e4c0000 - 0x00007ffd4e4eb000 	C:\WINDOWS\System32\GDI32.dll
0x00007ffd4ded0000 - 0x00007ffd4dfdd000 	C:\WINDOWS\System32\gdi32full.dll
0x00007ffd4e420000 - 0x00007ffd4e4bd000 	C:\WINDOWS\System32\msvcp_win.dll
0x00007ffd47250000 - 0x00007ffd4725a000 	C:\WINDOWS\SYSTEM32\VERSION.dll
0x00007ffd50400000 - 0x00007ffd50430000 	C:\WINDOWS\System32\IMM32.DLL
0x00007ffd287a0000 - 0x00007ffd2883b000 	C:\Program Files\Java\jdk-11.0.12\bin\msvcp140.dll
0x00007ffd07ac0000 - 0x00007ffd085bf000 	C:\Program Files\Java\jdk-11.0.12\bin\server\jvm.dll
0x00007ffd4e4f0000 - 0x00007ffd4e4f8000 	C:\WINDOWS\System32\PSAPI.DLL
0x00007ffd448e0000 - 0x00007ffd44907000 	C:\WINDOWS\SYSTEM32\WINMM.dll
0x00007ffd3ade0000 - 0x00007ffd3ade9000 	C:\WINDOWS\SYSTEM32\WSOCK32.dll
0x00007ffd501d0000 - 0x00007ffd5023b000 	C:\WINDOWS\System32\WS2_32.dll
0x00007ffd4ba50000 - 0x00007ffd4ba62000 	C:\WINDOWS\SYSTEM32\kernel.appcore.dll
0x00007ffd49630000 - 0x00007ffd49640000 	C:\Program Files\Java\jdk-11.0.12\bin\verify.dll
0x00007ffd3cf50000 - 0x00007ffd3d134000 	C:\WINDOWS\SYSTEM32\DBGHELP.DLL
0x00007ffd3ccd0000 - 0x00007ffd3ccfc000 	C:\WINDOWS\SYSTEM32\dbgcore.DLL
0x00007ffd4dbb0000 - 0x00007ffd4dc32000 	C:\WINDOWS\System32\bcryptPrimitives.dll
0x00007ffd2e9d0000 - 0x00007ffd2e9f8000 	C:\Program Files\Java\jdk-11.0.12\bin\java.dll
0x00007ffd49620000 - 0x00007ffd4962a000 	C:\Program Files\Java\jdk-11.0.12\bin\jimage.dll
0x00007ffd452b0000 - 0x00007ffd452c6000 	C:\Program Files\Java\jdk-11.0.12\bin\zip.dll

dbghelp: loaded successfully - version: 4.0.5 - missing functions: none
symbol engine: initialized successfully - sym options: 0x614 - pdb path: .;C:\Program Files\Java\jdk-11.0.12\bin;C:\WINDOWS\SYSTEM32;C:\WINDOWS\WinSxS\amd64_microsoft.windows.common-controls_6595b64144ccf1df_6.0.19041.1110_none_60b5254171f9507e;C:\Program Files\Java\jdk-11.0.12\bin\server

VM Arguments:
jvm_args: -Xms256m -Xmx512m -Dclassworlds.conf=C:\Program Files\apache-maven-3.6.3\bin\..\bin\m2.conf -Dmaven.home=C:\Program Files\apache-maven-3.6.3\bin\.. -Dlibrary.jansi.path=C:\Program Files\apache-maven-3.6.3\bin\..\lib\jansi-native -Dmaven.multiModuleProjectDirectory=D:\Programming\Automated Testing\RestAssured\Automation101ReastAssuredAPITests\Automation101APICucumber 
java_command: org.codehaus.plexus.classworlds.launcher.Launcher --version
java_class_path (initial): C:\Program Files\apache-maven-3.6.3\bin\..\boot\plexus-classworlds-2.6.0.jar
Launcher Type: SUN_STANDARD

[Global flags]
     intx CICompilerCount                          = 4                                         {product} {ergonomic}
     uint ConcGCThreads                            = 3                                         {product} {ergonomic}
     uint G1ConcRefinementThreads                  = 10                                        {product} {ergonomic}
   size_t G1HeapRegionSize                         = 1048576                                   {product} {ergonomic}
    uintx GCDrainStackTargetSize                   = 64                                        {product} {ergonomic}
   size_t InitialHeapSize                          = 268435456                                 {product} {command line}
   size_t MarkStackSize                            = 4194304                                   {product} {ergonomic}
   size_t MaxHeapSize                              = 536870912                                 {product} {command line}
   size_t MinHeapDeltaBytes                        = 1048576                                   {product} {ergonomic}
    uintx NonNMethodCodeHeapSize                   = 5836300                                {pd product} {ergonomic}
    uintx NonProfiledCodeHeapSize                  = 122910970                              {pd product} {ergonomic}
    uintx ProfiledCodeHeapSize                     = 122910970                              {pd product} {ergonomic}
    uintx ReservedCodeCacheSize                    = 251658240                              {pd product} {ergonomic}
     bool SegmentedCodeCache                       = true                                      {product} {ergonomic}
     bool UseCompressedClassPointers               = true                                 {lp64_product} {ergonomic}
     bool UseCompressedOops                        = true                                 {lp64_product} {ergonomic}
     bool UseG1GC                                  = true                                      {product} {ergonomic}
     bool UseLargePagesIndividualAllocation        = false                                  {pd product} {ergonomic}

Logging:
Log output configuration:
 #0: stdout all=warning uptime,level,tags
 #1: stderr all=off uptime,level,tags

Environment Variables:
PATH=C:\Program Files\Common Files\Oracle\Java\javapath;C:\WINDOWS;C:\WINDOWS\System32\Wbem;C:\WINDOWS\System32\WindowsPowerShell\v1.0\;C:\WINDOWS\System32\OpenSSH\;C:\Users\onion\AppData\Roaming\npm;C:\Program Files\Git\cmd;C:\Program Files\dotnet\;C:\ProgramData\chocolatey\bin;C:\Program Files\Microsoft SQL Server\130\Tools\Binn\;C:\Program Files\Microsoft SQL Server\Client SDK\ODBC\170\Tools\Binn\;C:\strawberry\c\bin;C:\strawberry\perl\bin;C:\Program Files\nodejs;C:\Android\platform-tools;C:\Android\tools\bin;C:\Python39;C:\Python39\Scripts;C:\Program Files\apache-maven-3.6.3\bin;C:\Program Files\Java\jdk-13.0.2;C:\Program Files\Java\jdk-13.0.2\bin;C:\WINDOWS\System32;C:\Program Files\nodejs\;C:\Program Files\Docker\Docker\resources\bin;C:\ProgramData\DockerDesktop\version-bin;C:\Python39\Scripts\;C:\Python39\;C:\Program Files\MySQL\MySQL Shell 8.0\bin\;C:\Users\onion\scoop\shims;C:\Users\onion\AppData\Local\Microsoft\WindowsApps;C:\Users\onion\AppData\Local\Programs\Microsoft VS Code\bin;C:\Users\onion\.dotnet\tools;C:\Users\onion\AppData\Local\Programs\Fiddler;C:\Users\onion\AppData\Local\Microsoft\WindowsApps;C:\Users\onion\AppData\Local\Programs\Microsoft VS Code Insiders\bin;C:\WINDOWS\system32;C:\Program Files\Oracle\VirtualBox
USERNAME=onion
OS=Windows_NT
PROCESSOR_IDENTIFIER=AMD64 Family 23 Model 8 Stepping 2, AuthenticAMD



---------------  S Y S T E M  ---------------

OS: Windows 10 , 64 bit Build 19041 (10.0.19041.1503)
Hyper-V role detected

CPU:total 12 (initial active 12) (12 cores per cpu, 2 threads per core) family 23 model 8 stepping 2 microcode 0x0, cmov, cx8, fxsr, mmx, sse, sse2, sse3, ssse3, sse4.1, sse4.2, popcnt, avx, avx2, aes, clmul, mmxext, 3dnowpref, lzcnt, sse4a, ht, tsc, tscinvbit, tscinv, bmi1, bmi2, adx, s

Memory: 4k page, system-wide physical 8123M (1080M free)
TotalPageFile size 14557M (AvailPageFile size 240M)
current process WorkingSet (physical memory assigned to process): 9M, peak: 9M
current process commit charge ("private bytes"): 63M, peak: 319M

vm_info: Java HotSpot(TM) 64-Bit Server VM (11.0.12+8-LTS-237) for windows-amd64 JRE (11.0.12+8-LTS-237), built on Jun  8 2021 11:25:59 by "mach5one" with MS VC++ 15.9 (VS2017)

END.
